  compress.cpp
  crypto.cpp
D:\vsProject\PEShell\PEShell\Public.h(50,16): warning C4200: 使用了非标准扩展: 结构/联合中的零大小数组
D:\vsProject\PEShell\PEShell\Public.h(50,16): message : 默认构造函数或 copy/move 赋值运算符将忽略此成员
  ExportFunTable.cpp
D:\vsProject\PEShell\PEShell\ExportFunTable.cpp(17,21): warning C4018: “<”: 有符号/无符号不匹配
D:\vsProject\PEShell\PEShell\ExportFunTable.cpp(41,27): warning C4018: “>=”: 有符号/无符号不匹配
  FakeFilename.cpp
  FileHelper.cpp
  ImportFunTable.cpp
  main.cpp
D:\vsProject\PEShell\PEShell\Public.h(50,16): warning C4200: 使用了非标准扩展: 结构/联合中的零大小数组
D:\vsProject\PEShell\PEShell\Public.h(50,16): message : 默认构造函数或 copy/move 赋值运算符将忽略此成员
  PEParser.cpp
  Public.cpp
D:\vsProject\PEShell\PEShell\Public.h(50,16): warning C4200: 使用了非标准扩展: 结构/联合中的零大小数组
D:\vsProject\PEShell\PEShell\Public.h(50,16): message : 默认构造函数或 copy/move 赋值运算符将忽略此成员
  Reloc.cpp
  Resource.cpp
  RVA.cpp
  Section.cpp
  SetIcon.cpp
  正在生成代码...
  md5.c
LINK : warning LNK4075: 忽略“/INCREMENTAL”(由于“/LTCG”规范)
LINK : warning LNK4098: 默认库“LIBCMT”与其他库的使用冲突；请使用 /NODEFAULTLIB:library
  LINK : 已指定 /LTCG，但不需要生成代码；从链接命令行中移除 /LTCG 以提高链接器性能
  PEShell.vcxproj -> D:\vsProject\PEShell\Debug\PEShell.exe
