d:\project\peshell-main\peshell\release\vc141.pdb
d:\project\peshell-main\peshell\release\seticon.obj
d:\project\peshell-main\peshell\release\section.obj
d:\project\peshell-main\peshell\release\rva.obj
d:\project\peshell-main\peshell\release\resource.obj
d:\project\peshell-main\peshell\release\reloc.obj
d:\project\peshell-main\peshell\release\public.obj
d:\project\peshell-main\peshell\release\peparser.obj
d:\project\peshell-main\peshell\release\main.obj
d:\project\peshell-main\peshell\release\importfuntable.obj
d:\project\peshell-main\peshell\release\filehelper.obj
d:\project\peshell-main\peshell\release\fakefilename.obj
d:\project\peshell-main\peshell\release\exportfuntable.obj
d:\project\peshell-main\peshell\release\crypto.obj
d:\project\peshell-main\peshell\release\compress.obj
d:\project\peshell-main\release\peshell.exe
d:\project\peshell-main\release\peshell.pdb
d:\project\peshell-main\peshell\release\peshell.tlog\cl.command.1.tlog
d:\project\peshell-main\peshell\release\peshell.tlog\cl.read.1.tlog
d:\project\peshell-main\peshell\release\peshell.tlog\cl.write.1.tlog
d:\project\peshell-main\peshell\release\peshell.tlog\link.command.1.tlog
d:\project\peshell-main\peshell\release\peshell.tlog\link.read.1.tlog
d:\project\peshell-main\peshell\release\peshell.tlog\link.write.1.tlog
