cl : 命令行 warning D9025: 正在重写“/sdl”(用“/GS-”)
  antiDetect.cpp
D:\vsproject\PEShell\PEUnshell\antiDetect.cpp(68,7): warning C4101: “info”: 未引用的局部变量
  api.cpp
D:\vsproject\PEShell\PEUnshell\Public.h(35,16): warning C4200: 使用了非标准扩展: 结构/联合中的零大小数组
D:\vsproject\PEShell\PEUnshell\Public.h(35,16): message : 默认构造函数或 copy/move 赋值运算符将忽略此成员
D:\vsproject\PEShell\PEUnshell\api.cpp(106,7): warning C4101: “info”: 未引用的局部变量
  base64.cpp
  Compress.cpp
  Crypto.cpp
D:\vsproject\PEShell\PEUnshell\Public.h(35,16): warning C4200: 使用了非标准扩展: 结构/联合中的零大小数组
D:\vsproject\PEShell\PEUnshell\Public.h(35,16): message : 默认构造函数或 copy/move 赋值运算符将忽略此成员
D:\vsproject\PEShell\PEUnshell\Crypto.cpp(34,7): warning C4101: “szinfo”: 未引用的局部变量
D:\vsproject\PEShell\PEUnshell\Crypto.cpp(119,7): warning C4101: “szinfo”: 未引用的局部变量
  Debug.cpp
  escape.cpp
  ExportTable.cpp
  FileHelper.cpp
D:\vsproject\PEShell\PEUnshell\Public.h(35,16): warning C4200: 使用了非标准扩展: 结构/联合中的零大小数组
D:\vsproject\PEShell\PEUnshell\Public.h(35,16): message : 默认构造函数或 copy/move 赋值运算符将忽略此成员
  ImportTable.cpp
  LoadPE.cpp
D:\vsproject\PEShell\PEUnshell\Public.h(35,16): warning C4200: 使用了非标准扩展: 结构/联合中的零大小数组
D:\vsproject\PEShell\PEUnshell\Public.h(35,16): message : 默认构造函数或 copy/move 赋值运算符将忽略此成员
  main.cpp
D:\vsproject\PEShell\PEUnshell\Public.h(35,16): warning C4200: 使用了非标准扩展: 结构/联合中的零大小数组
D:\vsproject\PEShell\PEUnshell\Public.h(35,16): message : 默认构造函数或 copy/move 赋值运算符将忽略此成员
  pe64.cpp
  PEParser.cpp
D:\vsproject\PEShell\PEUnshell\Public.h(35,16): warning C4200: 使用了非标准扩展: 结构/联合中的零大小数组
D:\vsproject\PEShell\PEUnshell\Public.h(35,16): message : 默认构造函数或 copy/move 赋值运算符将忽略此成员
  Public.cpp
D:\vsproject\PEShell\PEUnshell\Public.h(35,16): warning C4200: 使用了非标准扩展: 结构/联合中的零大小数组
D:\vsproject\PEShell\PEUnshell\Public.h(35,16): message : 默认构造函数或 copy/move 赋值运算符将忽略此成员
  RegHelper.cpp
D:\vsproject\PEShell\PEUnshell\public.h(35,16): warning C4200: 使用了非标准扩展: 结构/联合中的零大小数组
D:\vsproject\PEShell\PEUnshell\public.h(35,16): message : 默认构造函数或 copy/move 赋值运算符将忽略此成员
D:\vsproject\PEShell\PEUnshell\RegHelper.cpp(19,7): warning C4101: “szout”: 未引用的局部变量
D:\vsproject\PEShell\PEUnshell\RegHelper.cpp(63,7): warning C4101: “szout”: 未引用的局部变量
  Reloc.cpp
  Section.cpp
  utils.cpp
  vm.cpp
  正在生成代码...
cl : 命令行 warning D9025: 正在重写“/sdl”(用“/GS-”)
  md5.c
LINK : warning LNK4075: 忽略“/INCREMENTAL”(由于“/OPT:ICF”规范)
  PEUnshell.vcxproj -> D:\vsproject\PEShell\Release\PEUnshell_x86.exe
